C51 COMPILER V9.60.7.0   MAIN                                                              05/17/2024 20:00:11 PAGE 1   


C51 COMPILER V9.60.7.0, COMPILATION OF MODULE MAIN
OBJECT MODULE PLACED IN main.OBJ
COMPILER INVOKED BY: C:\Keil_v5\C51\BIN\C51.EXE main.c OPTIMIZE(8,SPEED) BROWSE DEBUG OBJECTEXTEND TABS(2)

line level    source

   1          #include <reg52.h> 
   2          unsigned char code dispcode[]={0x3F,0x06,0x5B,0x4F,0x66,
   3          0x6D,0x7D,0x07,0x7F,0x6F,0x77,0x7C,0x39,0x5E,0x79,0x71,0x00,0x40};//数码管显示码0-15 与 - （对应第17个）
   4          unsigned char dispbuf[8]={0,0,0,0,0,0,0,0,};   //数据暂存数组
   5          unsigned char temp[8];              
   6          unsigned char T0count;            
   7          unsigned int timecount;           
   8          bit flag;                   
   9          unsigned long x;           //脉冲的数据比较大，用无符号长整形变量定义
  10          
  11          sbit P2_4=P2^4;
  12          sbit P2_3=P2^3;
  13          sbit P2_2=P2^2; 
  14          
  15          
  16          void delay(int i)
  17          {
  18   1        while(i--); 
  19   1      }
  20          
  21          
  22          
  23           
  24          void display()                //显示函数
  25          {
  26   1        unsigned int j;
  27   1        unsigned int i;                 //定义变量用于显示延时  
  28   1        for(i=8;i>0;i--)        
  29   1        { 
  30   2          switch(i)    
  31   2          {
  32   3            case 1:P2_4=1;P2_3=1;P2_2=1;break;      
  33   3            case 2:P2_4=1;P2_3=1;P2_2=0;break; 
  34   3            case 3:P2_4=1;P2_3=0;P2_2=1;break; 
  35   3            case 4:P2_4=1;P2_3=0;P2_2=0;break; 
  36   3            case 5:P2_4=0;P2_3=1;P2_2=1;break; 
  37   3            case 6:P2_4=0;P2_3=1;P2_2=0;break; 
  38   3            case 7:P2_4=0;P2_3=0;P2_2=1;break; 
  39   3            case 8:P2_4=0;P2_3=0;P2_2=0;break;
  40   3          } 
  41   2      
  42   2          P0 = dispcode[dispbuf[8-i]];
  43   2          for(j=50;j>0;j--);   //延时
  44   2          P0=0x00;     //清零数码管                         
  45   2          
  46   2        } 
  47   1      }
  48          void main(void)               //主函数
  49          { 
  50   1        unsigned char i; 
  51   1        TMOD=0x15;                
  52   1        TH0=0; 
  53   1        TL0=0;                  
  54   1        TH1=(65536-57600)/256; 
  55   1        TL1=(65536-57600)%256;            
C51 COMPILER V9.60.7.0   MAIN                                                              05/17/2024 20:00:11 PAGE 2   

  56   1        TR1=1;                  
  57   1        TR0=1;                  
  58   1        ET0=1;                  
  59   1        ET1=1;                  
  60   1        EA=1;                   
  61   1      
  62   1        while(1)                //进入循环
  63   1        { 
  64   2          display();           //调用显示函数
  65   2                        
  66   2          if(flag)              //判断1秒时间是否到
  67   2          { 
  68   3            flag=0;             //标志位清零，重新开始计时计数
  69   3            x=(T0count*65536+TH0*256+TL0);//读取1秒时间内的计数个数（T0count为每次计数超过65536时进入计数中断加1）
  70   3            for(i=0;i<8;i++)        
  71   3            { 
  72   4              temp[i]=17; 
  73   4            }     
  74   3            i=0;              //i清零
  75   3            while(x/10)           //将x拆分
  76   3            { 
  77   4              temp[i]=x%10;         
  78   4              x=x/10;           
  79   4              i++;            
  80   4            } 
  81   3            temp[i]=x;           
  82   3            for(i=0;i<8;i++)        //将数据送入显示暂存数组
  83   3            { 
  84   4              dispbuf[i]=temp[i];     
  85   4            } 
  86   3            T0count=0;            
  87   3            TH0=0; 
  88   3            TL0=0;              
  89   3            TR0=1;
  90   3            TR1=1;              
  91   3          } 
  92   2        } 
  93   1      } 
  94            
  95          void t0() interrupt 1           //计数器中断函数
  96          { 
  97   1        T0count++;                
  98   1      } 
  99            
 100          void t1() interrupt 3           //定时器中断函数
 101          { 
 102   1        TH1=(65536-46066)/256; 
 103   1        TL1=(65536-46066)%256;          //50ms进入一次中断，重新赋初值
 104   1        timecount++;              
 105   1        if(timecount==20)             //1秒时间到了
 106   1          { 
 107   2            TR0=0;                
 108   2          TR1=0;                
 109   2            timecount=0;              //计时变量清零
 110   2            flag=1;                 //一秒时间到，该标志位置1，主函数中执行脉冲数运算与显示函数
 111   2          } 
 112   1      } 
 113          


MODULE INFORMATION:   STATIC OVERLAYABLE
   CODE SIZE        =    427    ----
C51 COMPILER V9.60.7.0   MAIN                                                              05/17/2024 20:00:11 PAGE 3   

   CONSTANT SIZE    =     18    ----
   XDATA SIZE       =   ----    ----
   PDATA SIZE       =   ----    ----
   DATA SIZE        =     23       1
   IDATA SIZE       =   ----    ----
   BIT SIZE         =      1    ----
END OF MODULE INFORMATION.


C51 COMPILATION COMPLETE.  0 WARNING(S),  0 ERROR(S)
